<?xml version="1.0" encoding="UTF-8"?>
<!-- Generated by org.testng.reporters.JUnitXMLReporter -->
<testsuite hostname="win764bit" name="Test" tests="4" failures="0" timestamp="4 Aug 2014 22:27:25 GMT" time="0.044" errors="0">
  <testcase name="verify_forgot_password" time="0.019" classname="Tests.testLogin_testng"/>
  <testcase name="verify_invalid_login" time="0.001" classname="Tests.testLogin_testng"/>
  <testcase name="verify_invalid_login_blank" time="0.001" classname="Tests.testLogin_testng"/>
  <testcase name="verify_valid_login" time="0.001" classname="Tests.testLogin_testng"/>
</testsuite> <!-- Test -->
